ARM GAS  /var/folders/vc/p32jbmgs3k17njj5gy_2_k3w0000gn/T//cchx7xhX.s 			page 1


   1              		.cpu cortex-m3
   2              		.eabi_attribute 20, 1
   3              		.eabi_attribute 21, 1
   4              		.eabi_attribute 23, 3
   5              		.eabi_attribute 24, 1
   6              		.eabi_attribute 25, 1
   7              		.eabi_attribute 26, 1
   8              		.eabi_attribute 30, 1
   9              		.eabi_attribute 34, 1
  10              		.eabi_attribute 18, 4
  11              		.file	"bsp_f1xx_led.c"
  12              		.text
  13              	.Ltext0:
  14              		.cfi_sections	.debug_frame
  15              		.section	.text.ledinit,"ax",%progbits
  16              		.align	1
  17              		.global	ledinit
  18              		.syntax unified
  19              		.thumb
  20              		.thumb_func
  21              		.fpu softvfp
  23              	ledinit:
  24              	.LFB66:
  25              		.file 1 "drivers/bsp_f1xx_led.c"
   1:drivers/bsp_f1xx_led.c **** #include "bsp_f1xx_led.h"
   2:drivers/bsp_f1xx_led.c **** 
   3:drivers/bsp_f1xx_led.c **** void ledinit(_led *led)
   4:drivers/bsp_f1xx_led.c **** {
  26              		.loc 1 4 0
  27              		.cfi_startproc
  28              		@ args = 0, pretend = 0, frame = 0
  29              		@ frame_needed = 0, uses_anonymous_args = 0
  30              	.LVL0:
  31 0000 08B5     		push	{r3, lr}
  32              	.LCFI0:
  33              		.cfi_def_cfa_offset 8
  34              		.cfi_offset 3, -8
  35              		.cfi_offset 14, -4
   5:drivers/bsp_f1xx_led.c **** 	bsp_IoInit(&led->io);
  36              		.loc 1 5 0
  37 0002 FFF7FEFF 		bl	bsp_IoInit
  38              	.LVL1:
   6:drivers/bsp_f1xx_led.c **** }
  39              		.loc 1 6 0
  40 0006 08BD     		pop	{r3, pc}
  41              		.cfi_endproc
  42              	.LFE66:
  44              		.section	.text.ledoff,"ax",%progbits
  45              		.align	1
  46              		.global	ledoff
  47              		.syntax unified
  48              		.thumb
  49              		.thumb_func
  50              		.fpu softvfp
  52              	ledoff:
  53              	.LFB67:
   7:drivers/bsp_f1xx_led.c **** 
ARM GAS  /var/folders/vc/p32jbmgs3k17njj5gy_2_k3w0000gn/T//cchx7xhX.s 			page 2


   8:drivers/bsp_f1xx_led.c **** void ledoff(_led *led)
   9:drivers/bsp_f1xx_led.c **** {
  54              		.loc 1 9 0
  55              		.cfi_startproc
  56              		@ args = 0, pretend = 0, frame = 0
  57              		@ frame_needed = 0, uses_anonymous_args = 0
  58              	.LVL2:
  59 0000 08B5     		push	{r3, lr}
  60              	.LCFI1:
  61              		.cfi_def_cfa_offset 8
  62              		.cfi_offset 3, -8
  63              		.cfi_offset 14, -4
  10:drivers/bsp_f1xx_led.c **** 	if (led->lightlevel)
  64              		.loc 1 10 0
  65 0002 037A     		ldrb	r3, [r0, #8]	@ zero_extendqisi2
  66 0004 13B9     		cbnz	r3, .L7
  11:drivers/bsp_f1xx_led.c **** 		bsp_IoClr(&led->io);
  12:drivers/bsp_f1xx_led.c **** 	else
  13:drivers/bsp_f1xx_led.c **** 		bsp_IoSet(&led->io);
  67              		.loc 1 13 0
  68 0006 FFF7FEFF 		bl	bsp_IoSet
  69              	.LVL3:
  70              	.L3:
  14:drivers/bsp_f1xx_led.c **** }
  71              		.loc 1 14 0
  72 000a 08BD     		pop	{r3, pc}
  73              	.LVL4:
  74              	.L7:
  11:drivers/bsp_f1xx_led.c **** 		bsp_IoClr(&led->io);
  75              		.loc 1 11 0
  76 000c FFF7FEFF 		bl	bsp_IoClr
  77              	.LVL5:
  78 0010 FBE7     		b	.L3
  79              		.cfi_endproc
  80              	.LFE67:
  82              		.section	.text.ledon,"ax",%progbits
  83              		.align	1
  84              		.global	ledon
  85              		.syntax unified
  86              		.thumb
  87              		.thumb_func
  88              		.fpu softvfp
  90              	ledon:
  91              	.LFB68:
  15:drivers/bsp_f1xx_led.c **** 
  16:drivers/bsp_f1xx_led.c **** void ledon(_led *led)
  17:drivers/bsp_f1xx_led.c **** {
  92              		.loc 1 17 0
  93              		.cfi_startproc
  94              		@ args = 0, pretend = 0, frame = 0
  95              		@ frame_needed = 0, uses_anonymous_args = 0
  96              	.LVL6:
  97 0000 08B5     		push	{r3, lr}
  98              	.LCFI2:
  99              		.cfi_def_cfa_offset 8
 100              		.cfi_offset 3, -8
 101              		.cfi_offset 14, -4
ARM GAS  /var/folders/vc/p32jbmgs3k17njj5gy_2_k3w0000gn/T//cchx7xhX.s 			page 3


  18:drivers/bsp_f1xx_led.c **** 	if (led->lightlevel)
 102              		.loc 1 18 0
 103 0002 037A     		ldrb	r3, [r0, #8]	@ zero_extendqisi2
 104 0004 13B9     		cbnz	r3, .L12
  19:drivers/bsp_f1xx_led.c **** 		bsp_IoSet(&led->io);
  20:drivers/bsp_f1xx_led.c **** 	else
  21:drivers/bsp_f1xx_led.c **** 		bsp_IoClr(&led->io);
 105              		.loc 1 21 0
 106 0006 FFF7FEFF 		bl	bsp_IoClr
 107              	.LVL7:
 108              	.L8:
  22:drivers/bsp_f1xx_led.c **** }
 109              		.loc 1 22 0
 110 000a 08BD     		pop	{r3, pc}
 111              	.LVL8:
 112              	.L12:
  19:drivers/bsp_f1xx_led.c **** 		bsp_IoSet(&led->io);
 113              		.loc 1 19 0
 114 000c FFF7FEFF 		bl	bsp_IoSet
 115              	.LVL9:
 116 0010 FBE7     		b	.L8
 117              		.cfi_endproc
 118              	.LFE68:
 120              		.section	.text.ledfilp,"ax",%progbits
 121              		.align	1
 122              		.global	ledfilp
 123              		.syntax unified
 124              		.thumb
 125              		.thumb_func
 126              		.fpu softvfp
 128              	ledfilp:
 129              	.LFB69:
  23:drivers/bsp_f1xx_led.c **** 
  24:drivers/bsp_f1xx_led.c **** void ledfilp(_led *led)
  25:drivers/bsp_f1xx_led.c **** {
 130              		.loc 1 25 0
 131              		.cfi_startproc
 132              		@ args = 0, pretend = 0, frame = 0
 133              		@ frame_needed = 0, uses_anonymous_args = 0
 134              		@ link register save eliminated.
 135              	.LVL10:
  26:drivers/bsp_f1xx_led.c **** 	led->io.port->ODR ^= 1 << led->io.pinx;
 136              		.loc 1 26 0
 137 0000 0168     		ldr	r1, [r0]
 138 0002 CB68     		ldr	r3, [r1, #12]
 139 0004 0079     		ldrb	r0, [r0, #4]	@ zero_extendqisi2
 140              	.LVL11:
 141 0006 0122     		movs	r2, #1
 142 0008 8240     		lsls	r2, r2, r0
 143 000a 5340     		eors	r3, r3, r2
 144 000c CB60     		str	r3, [r1, #12]
  27:drivers/bsp_f1xx_led.c **** }
 145              		.loc 1 27 0
 146 000e 7047     		bx	lr
 147              		.cfi_endproc
 148              	.LFE69:
 150              		.text
ARM GAS  /var/folders/vc/p32jbmgs3k17njj5gy_2_k3w0000gn/T//cchx7xhX.s 			page 4


 151              	.Letext0:
 152              		.file 2 "/Users/zy/Desktop/Tools/gcc-arm-none-eabi-9-2019-q4-major/arm-none-eabi/include/machine/_
 153              		.file 3 "/Users/zy/Desktop/Tools/gcc-arm-none-eabi-9-2019-q4-major/arm-none-eabi/include/sys/_stdi
 154              		.file 4 "/Users/zy/Desktop/Tools/gcc-arm-none-eabi-9-2019-q4-major/arm-none-eabi/include/sys/lock.
 155              		.file 5 "/Users/zy/Desktop/Tools/gcc-arm-none-eabi-9-2019-q4-major/arm-none-eabi/include/sys/_type
 156              		.file 6 "/Users/zy/Desktop/Tools/gcc-arm-none-eabi-7-2017-q4-major/lib/gcc/arm-none-eabi/7.2.1/inc
 157              		.file 7 "/Users/zy/Desktop/Tools/gcc-arm-none-eabi-9-2019-q4-major/arm-none-eabi/include/sys/reent
 158              		.file 8 "Inc/core_cm3.h"
 159              		.file 9 "startup/inc/sys.h"
 160              		.file 10 "tools/inc/malloc.h"
 161              		.file 11 "tools/inc/tskmanager.h"
 162              		.file 12 "drivers/inc/bsp_f1xx_io.h"
 163              		.file 13 "drivers/inc/bsp_f1xx_led.h"
ARM GAS  /var/folders/vc/p32jbmgs3k17njj5gy_2_k3w0000gn/T//cchx7xhX.s 			page 5


DEFINED SYMBOLS
                            *ABS*:0000000000000000 bsp_f1xx_led.c
/var/folders/vc/p32jbmgs3k17njj5gy_2_k3w0000gn/T//cchx7xhX.s:16     .text.ledinit:0000000000000000 $t
/var/folders/vc/p32jbmgs3k17njj5gy_2_k3w0000gn/T//cchx7xhX.s:23     .text.ledinit:0000000000000000 ledinit
/var/folders/vc/p32jbmgs3k17njj5gy_2_k3w0000gn/T//cchx7xhX.s:45     .text.ledoff:0000000000000000 $t
/var/folders/vc/p32jbmgs3k17njj5gy_2_k3w0000gn/T//cchx7xhX.s:52     .text.ledoff:0000000000000000 ledoff
/var/folders/vc/p32jbmgs3k17njj5gy_2_k3w0000gn/T//cchx7xhX.s:83     .text.ledon:0000000000000000 $t
/var/folders/vc/p32jbmgs3k17njj5gy_2_k3w0000gn/T//cchx7xhX.s:90     .text.ledon:0000000000000000 ledon
/var/folders/vc/p32jbmgs3k17njj5gy_2_k3w0000gn/T//cchx7xhX.s:121    .text.ledfilp:0000000000000000 $t
/var/folders/vc/p32jbmgs3k17njj5gy_2_k3w0000gn/T//cchx7xhX.s:128    .text.ledfilp:0000000000000000 ledfilp

UNDEFINED SYMBOLS
bsp_IoInit
bsp_IoSet
bsp_IoClr
